<?xml version="1.0" encoding="UTF-8"?>
<!-- Generated by org.testng.reporters.JUnitReportReporter -->
<testsuite skipped="0" hostname="DESKTOP-L2S6FMP" name="kajima.newnhswebsite.stepDefinition.HelpAndContactUs_SD" tests="1" failures="0" timestamp="11 Feb 2020 11:23:36 GMT" time="0.009" errors="0">
  <testcase name="user_click_on_Contact_Us_page_and_navigate_to_Query_form_screen" time="0.009" classname="kajima.newnhswebsite.stepDefinition.HelpAndContactUs_SD"/>
</testsuite> <!-- kajima.newnhswebsite.stepDefinition.HelpAndContactUs_SD -->
