<?xml version="1.0" encoding="UTF-8"?>
<!-- Generated by org.testng.reporters.JUnitReportReporter -->
<testsuite skipped="0" hostname="DESKTOP-L2S6FMP" name="kajima.newnhswebsite.runner.TestRunner" tests="9" failures="0" timestamp="02 Nov 2020 17:25:10 GMT" time="0.569" errors="0">
  <testcase name="feature" time="0.142" classname="kajima.newnhswebsite.runner.TestRunner"/>
  <testcase name="feature" time="0.016" classname="kajima.newnhswebsite.runner.TestRunner"/>
  <testcase name="feature" time="0.035" classname="kajima.newnhswebsite.runner.TestRunner"/>
  <testcase name="feature" time="0.174" classname="kajima.newnhswebsite.runner.TestRunner"/>
  <testcase name="feature" time="0.031" classname="kajima.newnhswebsite.runner.TestRunner"/>
  <testcase name="feature" time="0.038" classname="kajima.newnhswebsite.runner.TestRunner"/>
  <testcase name="feature" time="0.047" classname="kajima.newnhswebsite.runner.TestRunner"/>
  <testcase name="feature" time="0.029" classname="kajima.newnhswebsite.runner.TestRunner"/>
  <testcase name="feature" time="0.057" classname="kajima.newnhswebsite.runner.TestRunner"/>
</testsuite> <!-- kajima.newnhswebsite.runner.TestRunner -->
