<?xml version="1.0" encoding="UTF-8"?>
<!-- Generated by org.testng.reporters.JUnitReportReporter -->
<testsuite skipped="0" hostname="DESKTOP-L2S6FMP" name="kajima.newnhswebsite.runner.HomePage_Runner$NhsWebsiteRunner" tests="1" failures="0" timestamp="04 Feb 2020 16:49:50 GMT" time="86.783" errors="0">
  <testcase name="feature" time="86.783" classname="kajima.newnhswebsite.runner.HomePage_Runner$NhsWebsiteRunner"/>
</testsuite> <!-- kajima.newnhswebsite.runner.HomePage_Runner$NhsWebsiteRunner -->
